Using the ci-smoke-qa profile...

[36mWeb App Version: Client: 0.0.3-142 Server: BlinkNode0.0.3-118[0m
[32m.[0m[36m-[0m[36m-[0m[36m-[0m[36m-[0m[36m-[0m[36m-[0m[36m-[0m
[36mEmail address used for user registration: cucumber_test6683ezudqxadkj@mobcastdev.com, firstname-autotest-rxvjhrcwgk lastname-autotest-fnafftmxtl[0m

[36mEmail address used for user registration: cucumber_test6683ezudqxadkj@mobcastdev.com, firstname-autotest-rxvjhrcwgk lastname-autotest-fnafftmxtl[0m
[32m.[0m[36m-[0m[36m-[0m[36m-[0m[36m-[0m[36m-[0m[36m-[0m[36m-[0m
[36mWeb App Version: Client: 0.0.3-142 Server: BlinkNode0.0.3-118[0m

[36mEmail address used for user registration: cucumber_test1843lyscghyqjj@mobcastdev.com, firstname-autotest-ncwxeyzdsy lastname-autotest-syxhaoxezn[0m

[36mEmail address used for user registration: cucumber_test1843lyscghyqjj@mobcastdev.com, firstname-autotest-ncwxeyzdsy lastname-autotest-syxhaoxezn[0m
[32m.[0m
[36mWeb App Version: Client: 0.0.3-142 Server: BlinkNode0.0.3-118[0m

[36mEmail address used for user registration: cucumber_test6424phkhruhvrv@mobcastdev.com, firstname-autotest-ftueslwpdp lastname-autotest-savncntrwt[0m

[36mEmail address used for user registration: cucumber_test6424phkhruhvrv@mobcastdev.com, firstname-autotest-ftueslwpdp lastname-autotest-savncntrwt[0m

[36mSearching for books with search word 'winter'[0m
[32m.[0m[32m.[0m
[36mEmail address used for user sign-in: cucumber_test6424phkhruhvrv@mobcastdev.com[0m

[36mSearching for books with search word 'summer'[0m
[32m.[0m[32m.[0m[32m.[0m
[36mWeb App Version: Client: 0.0.3-142 Server: BlinkNode0.0.3-118[0m

[36mEmail address used for user registration: cucumber_test9273ixmamozxni@mobcastdev.com, firstname-autotest-eyiyoyzsux lastname-autotest-vsldpbqwmv[0m

[36mEmail address used for user registration: cucumber_test9273ixmamozxni@mobcastdev.com, firstname-autotest-eyiyoyzsux lastname-autotest-vsldpbqwmv[0m

[36mSearching for books with search word 'winter'[0m
[32m.[0m
[36mSearching for books with search word 'summer'[0m
[32m.[0m[32m.[0m[32m.[0m[32m.[0m
[36mWeb App Version: Client: 0.0.3-142 Server: BlinkNode0.0.3-142[0m
[32m.[0m[32m.[0m[32m.[0m[32m.[0m
[36mWeb App Version: Client: 0.0.3-142 Server: BlinkNode0.0.3-142[0m
[32m.[0m[32m.[0m[32m.[0m
[36mWeb App Version: Client: 0.0.3-142 Server: BlinkNode0.0.3-142[0m
[32m.[0m[32m.[0m[32m.[0m
[36mWeb App Version: Client: 0.0.3-142 Server: BlinkNode0.0.3-142[0m
[32m.[0m[32m.[0m[32m.[0m
[36mWeb App Version: Client: 0.0.3-142 Server: BlinkNode0.0.3-142[0m
[32m.[0m[32m.[0m[32m.[0m
[36mWeb App Version: Client: 0.0.3-142 Server: BlinkNode0.0.3-118[0m
[32m.[0m[32m.[0m[32m.[0m
[36mWeb App Version: Client: 0.0.3-142 Server: BlinkNode0.0.3-142[0m
[32m.[0m[32m.[0m[32m.[0m[32m.[0m
[36mWeb App Version: Client: 0.0.3-142 Server: BlinkNode0.0.3-142[0m
[32m.[0m[32m.[0m[32m.[0m[32m.[0m[32m.[0m[32m.[0m[32m.[0m
[36mWeb App Version: Client: 0.0.3-142 Server: BlinkNode0.0.3-118[0m
[32m.[0m[32m.[0m[32m.[0m[32m.[0m[32m.[0m[32m.[0m
[36mWeb App Version: Client: 0.0.3-142 Server: BlinkNode0.0.3-142[0m
[32m.[0m[32m.[0m[32m.[0m[32m.[0m[32m.[0m[32m.[0m
[36mWeb App Version: Client: 0.0.3-142 Server: BlinkNode0.0.3-118[0m
[32m.[0m[32m.[0m[32m.[0m[32m.[0m[32m.[0m
[36mWeb App Version: Client: 0.0.3-142 Server: BlinkNode0.0.3-118[0m
[32m.[0m[32m.[0m[32m.[0m[32m.[0m
[36mWeb App Version: Client: 0.0.3-142 Server: BlinkNode0.0.3-142[0m
[32m.[0m[32m.[0m[32m.[0m[32m.[0m
[36mWeb App Version: Client: 0.0.3-142 Server: BlinkNode0.0.3-118[0m
[32m.[0m[32m.[0m[32m.[0m[32m.[0m[32m.[0m
[36mWeb App Version: Client: 0.0.3-142 Server: BlinkNode0.0.3-142[0m
[32m.[0m[32m.[0m
[36mEmail address used for user registration: cucumber_test6015humefbjlmg@mobcastdev.com, firstname-autotest-ojndspasqp lastname-autotest-icrqiqfdqr[0m
[32m.[0m[32m.[0m[32m.[0m[32m.[0m[32m.[0m
[36mEmail address used for user sign-in: cucumber_test6015humefbjlmg@mobcastdev.com[0m
[32m.[0m
[36mWeb App Version: Client: 0.0.3-142 Server: BlinkNode0.0.3-118[0m
[32m.[0m[32m.[0m
[36mEmail address used for user registration: cucumber_test5808fopnpfskbr@mobcastdev.com, firstname-autotest-ufthgkrheg lastname-autotest-aortgkhlug[0m

[36mEmail address used for user registration: cucumber_test5808fopnpfskbr@mobcastdev.com, firstname-autotest-ufthgkrheg lastname-autotest-aortgkhlug[0m

[36mSearching for books with search word 'winter'[0m
[32m.[0m
[36mEmail address used for user sign-in: cucumber_test5808fopnpfskbr@mobcastdev.com[0m
[32m.[0m[32m.[0m[32m.[0m[32m.[0m[32m.[0m
[36mWeb App Version: Client: 0.0.3-142 Server: BlinkNode0.0.3-142[0m
[32m.[0m[32m.[0m
[36mEmail address used for user sign-in: saved_cards@mobcastdev.com[0m
[32m.[0m[32m.[0m[32m.[0m[32m.[0m[32m.[0m
[36mWeb App Version: Client: 0.0.3-142 Server: BlinkNode0.0.3-118[0m
[32m.[0m[32m.[0m
[36mEmail address used for user sign-in: user_with_devices@mobcastdev.com[0m
[32m.[0m[32m.[0m
[36mChanging first name from 'firstname-autotest-cgbizbuzge' to 'firstname-autotest-bwmtpmuoow'[0m

[36mChanging last name from 'firstname-autotest-cgbizbuzge' to 'lastname-autotest-czonnogkwy'[0m
[32m.[0m[32m.[0m[32m.[0m[32m.[0m
[36mWeb App Version: Client: 0.0.3-142 Server: BlinkNode0.0.3-118[0m
[32m.[0m
[36mEmail address used for user registration: cucumber_test125vuzimfgnkv@mobcastdev.com, firstname-autotest-dfcekuldyo lastname-autotest-znyqamaleg[0m
[32m.[0m[32m.[0m[32m.[0m[32m.[0m[32m.[0m[32m.[0m
[36mWeb App Version: Client: 0.0.3-142 Server: BlinkNode0.0.3-142[0m
[32m.[0m[32m.[0m
[36mEmail address used for user sign-in: user_with_devices@mobcastdev.com[0m
[32m.[0m[32m.[0m[32m.[0m[32m.[0m
[36mWeb App Version: Client: 0.0.3-142 Server: BlinkNode0.0.3-142[0m
[32m.[0m
[36mEmail address used for user sign-in: user_with_devices@mobcastdev.com[0m
[32m.[0m[32m.[0m[32m.[0m[32m.[0m
[36mWeb App Version: Client: 0.0.3-142 Server: BlinkNode0.0.3-118[0m
[32m.[0m
[36mEmail address used for user sign-in: user_with_devices@mobcastdev.com[0m
[32m.[0m[32m.[0m[32m.[0m[32m.[0m
[36mWeb App Version: Client: 0.0.3-142 Server: BlinkNode0.0.3-118[0m
[32m.[0m
[36mEmail address used for user sign-in: user_with_devices@mobcastdev.com[0m
[32m.[0m[32m.[0m[32m.[0m[32m.[0m
[36mWeb App Version: Client: 0.0.3-142 Server: BlinkNode0.0.3-142[0m
[32m.[0m[32m.[0m[32m.[0m[32m.[0m[32m.[0m
[36mWeb App Version: Client: 0.0.3-142 Server: BlinkNode0.0.3-118[0m
[32m.[0m[32m.[0m[32m.[0m[32m.[0m[32m.[0m
[36mEmail address used for user registration: cucumber_test8150jxvpahnjjo@mobcastdev.com, firstname-autotest-mlfjbperld lastname-autotest-oyjptyolvv[0m
[32m.[0m[32m.[0m[32m.[0m
[36mWeb App Version: Client: 0.0.3-142 Server: BlinkNode0.0.3-142[0m
[32m.[0m[32m.[0m[32m.[0m[32m.[0m[32m.[0m[32m.[0m[32m.[0m
[36mWeb App Version: Client: 0.0.3-142 Server: BlinkNode0.0.3-118[0m
[32m.[0m
[36mEmail address used for user sign-in: user_with_devices@mobcastdev.com[0m
[32m.[0m[32m.[0m[31mF[0m[36m-[0m[36m-[0m[36m-[0m[36m-[0m[36m-[0m[36m-[0m[36m-[0m
[36mWeb App Version: Client: 0.0.3-142 Server: BlinkNode0.0.3-118[0m
[32m.[0m
[36mWeb App Version: Client: 0.0.3-142 Server: BlinkNode0.0.3-142[0m
[32m.[0m[32m.[0m
[36mSearching for books with search word 'spring'[0m
[32m.[0m[32m.[0m[32m.[0m
[36mWeb App Version: Client: 0.0.3-142 Server: BlinkNode0.0.3-142[0m
[32m.[0m[32m.[0m[32m.[0m[31mF[0m

[31m(::) failed steps (::)[0m

[31mUser is already signed in, which is not expected, please check your flow (RuntimeError)[0m
[31m./features/support/page_models/page_actions/register_and_sign_actions.rb:72:in `sign_in'[0m
[31m./features/step_definitions/account_steps.rb:11:in `/^I have signed in$/'[0m
[31mfeatures/register/sign_out.feature:8:in `And I have signed in'[0m

[31mUnable to find button "Sign out" (Capybara::ElementNotFound)[0m
[31m./features/step_definitions/account_steps.rb:76:in `/^I click Sign out button$/'[0m
[31mfeatures/register/sign_out.feature:18:in `When I click Sign out button'[0m

[31mUnable to find css "#suggestions" (Capybara::ElementNotFound)[0m
[31m./features/step_definitions/search_steps.rb:68:in `/^search suggestions should be displayed$/'[0m
[31mfeatures/search/search_suggestions_quality.feature:13:in `Then search suggestions should be displayed'[0m

[31mFailing Scenarios:[0m
[31mcucumber -p ci-smoke-qa features/register/sign_out.feature:11[0m[90m # Scenario: Sign out from home page[0m
[31mcucumber -p ci-smoke-qa features/register/sign_out.feature:16[0m[90m # Scenario: Sign out from Manage My Account pages[0m
[31mcucumber -p ci-smoke-qa features/search/search_suggestions_quality.feature:11[0m[90m # Scenario: Search suggestions displayed[0m

34 scenarios ([31m3 failed[0m, [32m31 passed[0m)
175 steps ([31m3 failed[0m, [36m5 skipped[0m, [32m167 passed[0m)
7m58.420s
